Arguments: 
  /Users/luiscosta/.nvm/versions/node/v14.3.0/bin/node /Users/luiscosta/.yarn/bin/yarn.js

PATH: 
  /Users/luiscosta/.nvm/versions/node/v14.3.0/bin:/Users/luiscosta/.yarn/bin:/Users/luiscosta/.config/yarn/global/node_modules/.bin:/usr/local/bin:/usr/bin:/bin:/usr/sbin:/sbin:/Library/Apple/usr/bin:/Users/luiscosta/.nvm/versions/node/v14.3.0/bin:/Users/luiscosta/.yarn/bin:/Users/luiscosta/.config/yarn/global/node_modules/.bin:/Users/luiscosta/.zinit/polaris/sbin:/Users/luiscosta/.zinit/polaris/bin:/Users/luiscosta/.zinit/polaris/usr/sbin:/Users/luiscosta/.zinit/polaris/usr/bin:/Users/luiscosta/Android/Sdk//emulator:/Users/luiscosta/Android/Sdk//tools:/Users/luiscosta/Android/Sdk//tools/bin:/Users/luiscosta/Android/Sdk//platform-tools:/Users/luiscosta/Android/Sdk//emulator:/Users/luiscosta/Android/Sdk//tools:/Users/luiscosta/Android/Sdk//tools/bin:/Users/luiscosta/Android/Sdk//platform-tools

Yarn version: 
  1.22.4

Node version: 
  14.3.0

Platform: 
  darwin x64

Trace: 
  SyntaxError: /private/var/www/bootcamp2020/Node_TS/package.json: Unexpected token { in JSON at position 1
      at JSON.parse (<anonymous>)
      at /Users/luiscosta/.yarn/lib/cli.js:1625:59
      at Generator.next (<anonymous>)
      at step (/Users/luiscosta/.yarn/lib/cli.js:310:30)
      at /Users/luiscosta/.yarn/lib/cli.js:321:13

npm manifest: 
  {{
    "name": "backend-desafio",
    "version": "1.0.0",
    "main": "index.js",
    "license": "MIT",
    "scripts": {
      "build": "tsc",
      "dev:server": "ts-node-dev --inspect --transpileOnly --ignore-watch node_modules src/server.ts",
      "test": "jest"
    },
    "devDependencies": {
      "@types/express": "^4.17.5",
      "@types/jest": "^25.2.1",
      "@types/supertest": "^2.0.8",
      "@typescript-eslint/eslint-plugin": "^2.27.0",
      "@typescript-eslint/parser": "^2.27.0",
      "eslint": "^6.8.0",
      "eslint-config-airbnb-base": "^14.1.0",
      "eslint-config-prettier": "^6.10.1",
      "eslint-import-resolver-typescript": "^2.0.0",
      "eslint-plugin-import": "^2.20.1",
      "eslint-plugin-prettier": "^3.1.2",
      "jest": "^25.3.0",
      "prettier": "^2.0.4",
      "supertest": "^4.0.2",
      "ts-jest": "^25.3.1",
      "ts-node-dev": "^1.0.0-pre.44",
      "typescript": "^3.8.3"
    },
    "dependencies": {
      "express": "^4.17.1",
      "uuidv4": "^6.0.7"
    }
  }

yarn manifest: 
  No manifest

Lockfile: 
  # THIS IS AN AUTOGENERATED FILE. DO NOT EDIT THIS FILE DIRECTLY.
  # yarn lockfile v1
  
  
  eslint-config-prettier@^6.11.0:
    version "6.11.0"
    resolved "https://registry.yarnpkg.com/eslint-config-prettier/-/eslint-config-prettier-6.11.0.tgz#f6d2238c1290d01c859a8b5c1f7d352a0b0da8b1"
    integrity sha512-oB8cpLWSAjOVFEJhhyMZh6NOEOtBVziaqdDQ86+qhDHFbZXoRTM7pNSvFRfW/W/L/LrQ38C99J5CGuRBBzBsdA==
    dependencies:
      get-stdin "^6.0.0"
  
  eslint-plugin-prettier@^3.1.4:
    version "3.1.4"
    resolved "https://registry.yarnpkg.com/eslint-plugin-prettier/-/eslint-plugin-prettier-3.1.4.tgz#168ab43154e2ea57db992a2cd097c828171f75c2"
    integrity sha512-jZDa8z76klRqo+TdGDTFJSavwbnWK2ZpqGKNZ+VvweMW516pDUMmQ2koXvxEE4JhzNvTv+radye/bWGBmA6jmg==
    dependencies:
      prettier-linter-helpers "^1.0.0"
  
  fast-diff@^1.1.2:
    version "1.2.0"
    resolved "https://registry.yarnpkg.com/fast-diff/-/fast-diff-1.2.0.tgz#73ee11982d86caaf7959828d519cfe927fac5f03"
    integrity sha512-xJuoT5+L99XlZ8twedaRf6Ax2TgQVxvgZOYoPKqZufmJib0tL2tegPBOZb1pVNgIhlqDlA0eO0c3wBvQcmzx4w==
  
  get-stdin@^6.0.0:
    version "6.0.0"
    resolved "https://registry.yarnpkg.com/get-stdin/-/get-stdin-6.0.0.tgz#9e09bf712b360ab9225e812048f71fde9c89657b"
    integrity sha512-jp4tHawyV7+fkkSKyvjuLZswblUtz+SQKzSWnBbii16BuZksJlU1wuBYXY75r+duh/llF1ur6oNwi+2ZzjKZ7g==
  
  prettier-linter-helpers@^1.0.0:
    version "1.0.0"
    resolved "https://registry.yarnpkg.com/prettier-linter-helpers/-/prettier-linter-helpers-1.0.0.tgz#d23d41fe1375646de2d0104d3454a3008802cf7b"
    integrity sha512-GbK2cP9nraSSUF9N2XwUwqfzlAFlMNYYl+ShE/V+H8a9uNl/oUqB1w2EL54Jh0OlyRSd8RfWYJ3coVS4TROP2w==
    dependencies:
      fast-diff "^1.1.2"
  
  prettier@^2.0.5:
    version "2.0.5"
    resolved "https://registry.yarnpkg.com/prettier/-/prettier-2.0.5.tgz#d6d56282455243f2f92cc1716692c08aa31522d4"
    integrity sha512-7PtVymN48hGcO4fGjybyBSIWDsLU4H4XlvOHfq91pz9kkGlonzwTfYkaIEwiRg/dAJF9YlbsduBAgtYLi+8cFg==
